========================================
NAVI OS IMPROVEMENT PROPOSER v2.0 - mar 31 mar 2026 18:53:59 CEST
========================================
Analitzant estructura de Navi OS...
Buscant debt tècnic...
  ✓ TaskPipeline.jsx existeix
  ✓ DeliverableTracker.jsx existeix
  ✓ TaskManager.jsx existeix
  ✓ Status.jsx existeix
  ✓ Files.jsx existeix
  ✓ Security.jsx existeix
  ✓ Sync.jsx existeix
  ✓ Proposals.jsx existeix
  ✓ TeamOverview.jsx existeix

Mtriques de codi:
   238 /home/user/.openclaw/workspace/navi-os/src/components/Status.jsx
   310 /home/user/.openclaw/workspace/navi-os/src/components/TeamOverview.jsx
   322 /home/user/.openclaw/workspace/navi-os/src/components/Sync.jsx
   330 /home/user/.openclaw/workspace/navi-os/src/components/TaskManager.jsx
   350 /home/user/.openclaw/workspace/navi-os/src/modules/Lab.jsx
   354 /home/user/.openclaw/workspace/navi-os/src/modules/Ops.jsx
   368 /home/user/.openclaw/workspace/navi-os/src/modules/MissionControl.jsx
   393 /home/user/.openclaw/workspace/navi-os/src/components/Files.jsx
   712 /home/user/.openclaw/workspace/navi-os/src/modules/Brain.jsx
  4226 total

Analitzant useEffects...

Generant 5 millores concrets...
========================================
NAVI OS IMPROVEMENT PROPOSER v2.0 - mar 31 mar 2026 18:54:22 CEST
========================================
Analitzant estructura de Navi OS...
Buscant debt tècnic...
  ✓ TaskPipeline.jsx existeix
  ✓ DeliverableTracker.jsx existeix
  ✓ TaskManager.jsx existeix
  ✓ Status.jsx existeix
  ✓ Files.jsx existeix
  ✓ Security.jsx existeix
  ✓ Sync.jsx existeix
  ✓ Proposals.jsx existeix
  ✓ TeamOverview.jsx existeix

Mtriques de codi:
   238 /home/user/.openclaw/workspace/navi-os/src/components/Status.jsx
   310 /home/user/.openclaw/workspace/navi-os/src/components/TeamOverview.jsx
   322 /home/user/.openclaw/workspace/navi-os/src/components/Sync.jsx
   330 /home/user/.openclaw/workspace/navi-os/src/components/TaskManager.jsx
   350 /home/user/.openclaw/workspace/navi-os/src/modules/Lab.jsx
   354 /home/user/.openclaw/workspace/navi-os/src/modules/Ops.jsx
   368 /home/user/.openclaw/workspace/navi-os/src/modules/MissionControl.jsx
   393 /home/user/.openclaw/workspace/navi-os/src/components/Files.jsx
   712 /home/user/.openclaw/workspace/navi-os/src/modules/Brain.jsx
  4226 total

Analitzant useEffects...

Generant 5 millores concrets...

✓ Proposta generada: /home/user/.openclaw/workspace/navi-os-improvement/reports/2026-03-31-improvements.md
✓ Cua creada: /home/user/.openclaw/workspace/navi-os-improvement/reports/2026-03-31-queue.json
✓ 5 tasques preparades per execució

RESULTAT: PROPOSTA COMPLETADA
