Deploying: IMP-2026-04-01-01
  Copy result: 1
  Build: SUCCESS
  Marked: IMP-2026-04-01-01 as executed
  Logged to: /home/user/.openclaw/workspace/memory/deployed-2026-04-01-IMP-2026-04-01-01.md
Deploying: IMP-2026-04-01-01
  Copy result: 1
  Build: SUCCESS
  Marked: IMP-2026-04-01-01 as executed
  Logged to: /home/user/.openclaw/workspace/memory/deployed-2026-04-01-IMP-2026-04-01-01.md
Deploying: IMP-2026-04-01-02
  Copy result: 1
  Build: SUCCESS
  Marked: IMP-2026-04-01-02 as executed
  Logged to: /home/user/.openclaw/workspace/memory/deployed-2026-04-01-IMP-2026-04-01-02.md
Deploying: IMP-2026-04-01-04
  Copy result: 1
  Build: SUCCESS
  Marked: IMP-2026-04-01-04 as executed
  Logged to: /home/user/.openclaw/workspace/memory/deployed-2026-04-01-IMP-2026-04-01-04.md
Deploying: IMP-2026-04-01-05
  Copy result: 1
  Build: SUCCESS
  Marked: IMP-2026-04-01-05 as executed
  Logged to: /home/user/.openclaw/workspace/memory/deployed-2026-04-01-IMP-2026-04-01-05.md
Deploying: IMP-2026-04-01-03
  Copy result: 1
  Build: SUCCESS
  Marked: IMP-2026-04-01-03 as executed
  Logged to: /home/user/.openclaw/workspace/memory/deployed-2026-04-01-IMP-2026-04-01-03.md
Deploying: IMP-2026-04-02-03
  Copy result: 1
  Build: SUCCESS
  Marked: IMP-2026-04-02-03 as executed
  Logged to: /home/user/.openclaw/workspace/memory/deployed-2026-04-02-IMP-2026-04-02-03.md
Deploying: IMP-2026-04-02-01
  Copy result: 1
  Build: SUCCESS
  Marked: IMP-2026-04-02-01 as executed
  Logged to: /home/user/.openclaw/workspace/memory/deployed-2026-04-02-IMP-2026-04-02-01.md
Deploying: IMP-2026-04-02-02
  Copy result: 1
  Build: SUCCESS
  Marked: IMP-2026-04-02-02 as executed
  Logged to: /home/user/.openclaw/workspace/memory/deployed-2026-04-02-IMP-2026-04-02-02.md
Deploying: IMP-2026-04-02-04
  Copy result: 1
  Build: SUCCESS
  Marked: IMP-2026-04-02-04 as executed
  Logged to: /home/user/.openclaw/workspace/memory/deployed-2026-04-02-IMP-2026-04-02-04.md
