[2026-04-01 08:21:03] [SOMIAR-NIT] === SOMIAR DE NIT - Starting check ===
[2026-04-01 08:21:03] [SOMIAR-NIT] Outside 20:00-06:00 window (hour=08). Skipping.
[2026-04-01 08:50:51] [SOMIAR-NIT] === SOMIAR DE NIT - Starting check ===
[2026-04-01 08:50:51] [SOMIAR-NIT] Outside 20:00-06:00 window (hour=08). Skipping.
[2026-04-01 09:21:03] [SOMIAR-NIT] === SOMIAR DE NIT - Starting check ===
[2026-04-01 09:21:03] [SOMIAR-NIT] Outside 20:00-06:00 window (hour=09). Skipping.
[2026-04-01 09:51:03] [SOMIAR-NIT] === SOMIAR DE NIT - Starting check ===
[2026-04-01 09:51:03] [SOMIAR-NIT] Outside 20:00-06:00 window (hour=09). Skipping.
[2026-04-01 10:21:03] [SOMIAR-NIT] === SOMIAR DE NIT - Starting check ===
[2026-04-01 10:21:03] [SOMIAR-NIT] Outside 20:00-06:00 window (hour=10). Skipping.
[2026-04-01 11:21:15] [SOMIAR-NIT] === SOMIAR DE NIT - Starting ===
[2026-04-01 11:21:15] [SOMIAR-NIT] Outside 20:00-06:00 window. Skipping.
[2026-04-01 12:21:43] [SOMIAR-NIT] === Starting ===
[2026-04-01 12:21:43] [SOMIAR-NIT] Outside 20:00-06:00 window. Skipping.
[2026-04-01 12:51:42] [SOMIAR-NIT] === Starting ===
[2026-04-01 12:51:42] [SOMIAR-NIT] Outside 20:00-06:00 window. Skipping.
[2026-04-01 13:21:58] [SOMIAR-NIT] === Starting ===
[2026-04-01 13:21:58] [SOMIAR-NIT] Outside 20:00-06:00 window. Skipping.
[2026-04-01 13:51:42] [SOMIAR-NIT] === Starting ===
[2026-04-01 13:51:42] [SOMIAR-NIT] Outside 20:00-06:00 window. Skipping.
[2026-04-01 14:21:44] [SOMIAR-NIT] === Starting ===
[2026-04-01 14:21:44] [SOMIAR-NIT] Outside 20:00-06:00 window. Skipping.
[2026-04-01 14:51:43] [SOMIAR-NIT] === Starting ===
[2026-04-01 14:51:43] [SOMIAR-NIT] Outside 20:00-06:00 window. Skipping.
[2026-04-01 15:21:42] [SOMIAR-NIT] === Starting ===
[2026-04-01 15:21:42] [SOMIAR-NIT] Outside 20:00-06:00 window. Skipping.
[2026-04-01 15:51:43] [SOMIAR-NIT] === Starting ===
[2026-04-01 15:51:43] [SOMIAR-NIT] Outside 20:00-06:00 window. Skipping.
[2026-04-01 16:21:42] [SOMIAR-NIT] === Starting ===
[2026-04-01 16:21:42] [SOMIAR-NIT] Outside 20:00-06:00 window. Skipping.
[2026-04-01 16:51:42] [SOMIAR-NIT] === Starting ===
[2026-04-01 16:51:42] [SOMIAR-NIT] Outside 20:00-06:00 window. Skipping.
[2026-04-01 17:21:42] [SOMIAR-NIT] === Starting ===
[2026-04-01 17:21:42] [SOMIAR-NIT] Outside 20:00-06:00 window. Skipping.
[2026-04-01 17:51:42] [SOMIAR-NIT] === Starting ===
[2026-04-01 17:51:42] [SOMIAR-NIT] Outside 20:00-06:00 window. Skipping.
[2026-04-01 18:21:42] [SOMIAR-NIT] === Starting ===
[2026-04-01 18:21:42] [SOMIAR-NIT] Outside 20:00-06:00 window. Skipping.
[2026-04-01 18:51:42] [SOMIAR-NIT] === Starting ===
[2026-04-01 18:51:42] [SOMIAR-NIT] Outside 20:00-06:00 window. Skipping.
[2026-04-01 19:21:42] [SOMIAR-NIT] === Starting ===
[2026-04-01 19:21:42] [SOMIAR-NIT] Outside 20:00-06:00 window. Skipping.
[2026-04-01 19:51:43] [SOMIAR-NIT] === Starting ===
[2026-04-01 19:51:43] [SOMIAR-NIT] Outside 20:00-06:00 window. Skipping.
[2026-04-01 20:21:41] [SOMIAR-NIT] === Starting ===
[2026-04-01 20:21:41] [SOMIAR-NIT] Deep Cycle: SN-20260401-2021
[2026-04-01 20:21:42] [SOMIAR-NIT] Dirty git (22 changes). Committing...
[2026-04-01 20:21:44] [SOMIAR-NIT] Report: /home/user/.openclaw/workspace/.somiar-cycles/somiar-de-nit-SN-20260401-2021.md
[2026-04-01 20:21:44] [SOMIAR-NIT] === Done ===
[2026-04-01 20:51:43] [SOMIAR-NIT] === Starting ===
[2026-04-01 20:51:43] [SOMIAR-NIT] Deep Cycle: SN-20260401-2051
[2026-04-01 20:51:44] [SOMIAR-NIT] Dirty git (4 changes). Committing...
