[2026-04-01 07:50:52] [SOMIAR-DIA] === SOMIAR DE DIA - Starting check ===
[2026-04-01 07:50:52] [SOMIAR-DIA] Outside 9:00-20:00 window (hour=07). Skipping.
[2026-04-01 08:20:34] [SOMIAR-DIA] === SOMIAR DE DIA - Starting check ===
[2026-04-01 08:20:34] [SOMIAR-DIA] Outside 9:00-20:00 window (hour=08). Skipping.
[2026-04-01 08:50:35] [SOMIAR-DIA] === SOMIAR DE DIA - Starting check ===
[2026-04-01 08:50:35] [SOMIAR-DIA] Outside 9:00-20:00 window (hour=08). Skipping.
[2026-04-01 09:20:45] [SOMIAR-DIA] === SOMIAR DE DIA - Starting check ===
[2026-04-01 09:20:45] [SOMIAR-DIA] No recent user activity. Proceeding with self-improvement cycle.
[2026-04-01 09:20:45] [SOMIAR-DIA] Starting Self-Improvement Cycle: SD-20260401-0920
[2026-04-01 09:20:46] [SOMIAR-DIA] Cycle complete: /home/user/.openclaw/workspace/.somiar-cycles/somiar-de-dia-SD-20260401-0920.md
[2026-04-01 09:20:46] [SOMIAR-DIA] === SOMIAR DE DIA - Check complete ===
[2026-04-01 09:50:35] [SOMIAR-DIA] === SOMIAR DE DIA - Starting check ===
[2026-04-01 09:50:35] [SOMIAR-DIA] No recent user activity. Proceeding with self-improvement cycle.
[2026-04-01 09:50:35] [SOMIAR-DIA] Starting Self-Improvement Cycle: SD-20260401-0950
[2026-04-01 09:50:36] [SOMIAR-DIA] Cycle complete: /home/user/.openclaw/workspace/.somiar-cycles/somiar-de-dia-SD-20260401-0950.md
[2026-04-01 09:50:36] [SOMIAR-DIA] === SOMIAR DE DIA - Check complete ===
[2026-04-01 10:20:32] [SOMIAR-DIA] === SOMIAR DE DIA - Starting check ===
[2026-04-01 10:20:32] [SOMIAR-DIA] No recent user activity. Proceeding with self-improvement cycle.
[2026-04-01 10:20:32] [SOMIAR-DIA] Starting Self-Improvement Cycle: SD-20260401-1020
[2026-04-01 10:20:33] [SOMIAR-DIA] Cycle complete: /home/user/.openclaw/workspace/.somiar-cycles/somiar-de-dia-SD-20260401-1020.md
[2026-04-01 10:20:33] [SOMIAR-DIA] === SOMIAR DE DIA - Check complete ===
[2026-04-01 10:55:40] [SOMIAR-DIA] === SOMIAR DE DIA - Starting check ===
[2026-04-01 10:55:40] [SOMIAR-DIA] Starting Self-Improvement Cycle: SD-20260401-1055
[2026-04-01 10:55:43] [SOMIAR-DIA] Cycle complete: /home/user/.openclaw/workspace/.somiar-cycles/somiar-de-dia-SD-20260401-1055.md
[2026-04-01 10:55:43] [SOMIAR-DIA] Proposal created: [Somiar Dia] 01/04 10:55 - 4 accions proposades
[2026-04-01 10:55:43] [SOMIAR-DIA] === SOMIAR DE DIA - Done ===
[2026-04-01 10:56:55] [SOMIAR-DIA] === SOMIAR DE DIA - Starting check ===
[2026-04-01 10:56:55] [SOMIAR-DIA] Starting Self-Improvement Cycle: SD-20260401-1056
[2026-04-01 10:56:59] [SOMIAR-DIA] Cycle complete: /home/user/.openclaw/workspace/.somiar-cycles/somiar-de-dia-SD-20260401-1056.md
[2026-04-01 10:56:59] [SOMIAR-DIA] Proposal created: [Somiar Dia] 01/04 10:56 - 4 accions
[2026-04-01 10:56:59] [SOMIAR-DIA] === SOMIAR DE DIA - Done ===
[2026-04-01 10:59:41] [SOMIAR-DIA] === SOMIAR DE DIA - Starting check ===
[2026-04-01 10:59:41] [SOMIAR-DIA] Starting: SD-20260401-1059
[2026-04-01 10:59:42] [SOMIAR-DIA] Cycle complete: /home/user/.openclaw/workspace/.somiar-cycles/somiar-de-dia-SD-20260401-1059.md
[2026-04-01 10:59:42] [SOMIAR-DIA] === DONE ===
[2026-04-01 11:21:03] [SOMIAR-DIA] === SOMIAR DE DIA - Starting check ===
[2026-04-01 11:21:03] [SOMIAR-DIA] Starting: SD-20260401-1121
[2026-04-01 11:21:04] [SOMIAR-DIA] Cycle complete: /home/user/.openclaw/workspace/.somiar-cycles/somiar-de-dia-SD-20260401-1121.md
[2026-04-01 11:21:04] [SOMIAR-DIA] === DONE ===
[2026-04-01 11:52:20] [SOMIAR-DIA] === Starting ===
[2026-04-01 11:52:21] [SOMIAR-DIA] Report: /home/user/.openclaw/workspace/.somiar-cycles/somiar-de-dia-SD-20260401-1152.md
[2026-04-01 11:52:21] [SOMIAR-DIA] === Done ===
[2026-04-01 11:54:45] [SOMIAR-DIA] === Starting ===
[2026-04-01 11:54:46] [SOMIAR-DIA] Report: /home/user/.openclaw/workspace/.somiar-cycles/somiar-de-dia-SD-20260401-1154.md
[2026-04-01 11:54:46] [SOMIAR-DIA] === Done ===
[2026-04-01 11:56:28] [SOMIAR-DIA] === Starting ===
[2026-04-01 11:56:29] [SOMIAR-DIA] Report: /home/user/.openclaw/workspace/.somiar-cycles/somiar-de-dia-SD-20260401-1156.md
[2026-04-01 11:56:29] [SOMIAR-DIA] === Done ===
[2026-04-01 11:57:42] [SOMIAR-DIA] === Starting ===
[2026-04-01 11:57:43] [SOMIAR-DIA] Report: /home/user/.openclaw/workspace/.somiar-cycles/somiar-de-dia-SD-20260401-1157.md
[2026-04-01 11:57:43] [SOMIAR-DIA] === Done ===
[2026-04-01 11:58:38] [SOMIAR-DIA] === Starting ===
[2026-04-01 11:58:38] [SOMIAR-DIA] Report: /home/user/.openclaw/workspace/.somiar-cycles/somiar-de-dia-SD-20260401-1158.md
[2026-04-01 11:58:38] [SOMIAR-DIA] === Done ===
[2026-04-01 12:00:12] [SOMIAR-DIA] === Starting ===
[2026-04-01 12:00:13] [SOMIAR-DIA] Report: /home/user/.openclaw/workspace/.somiar-cycles/somiar-de-dia-SD-20260401-1200.md
[2026-04-01 12:00:14] [SOMIAR-DIA] === Done ===
[2026-04-01 12:03:42] [SOMIAR-DIA] === Starting ===
[2026-04-01 12:03:43] [SOMIAR-DIA] Report: /home/user/.openclaw/workspace/.somiar-cycles/somiar-de-dia-SD-20260401-1203.md
[2026-04-01 12:03:43] [SOMIAR-DIA] === Done ===
[2026-04-01 12:20:35] [SOMIAR-DIA] === Starting ===
[2026-04-01 12:20:36] [SOMIAR-DIA] Report: /home/user/.openclaw/workspace/.somiar-cycles/somiar-de-dia-SD-20260401-1220.md
[2026-04-01 12:20:36] [SOMIAR-DIA] === Done ===
[2026-04-01 12:50:31] [SOMIAR-DIA] === Starting ===
[2026-04-01 12:50:32] [SOMIAR-DIA] Report: /home/user/.openclaw/workspace/.somiar-cycles/somiar-de-dia-SD-20260401-1250.md
[2026-04-01 12:50:32] [SOMIAR-DIA] === Done ===
[2026-04-01 12:52:13] [SOMIAR-DIA] === Starting ===
[2026-04-01 12:52:14] [SOMIAR-DIA] Report: /home/user/.openclaw/workspace/.somiar-cycles/somiar-de-dia-SD-20260401-1252.md
[2026-04-01 12:52:14] [SOMIAR-DIA] === Done ===
[2026-04-01 12:59:11] [SOMIAR-DIA] === Starting ===
[2026-04-01 12:59:12] [SOMIAR-DIA] Report: /home/user/.openclaw/workspace/.somiar-cycles/somiar-de-dia-SD-20260401-1259.md
[2026-04-01 12:59:12] [SOMIAR-DIA] === Done ===
[2026-04-01 13:20:36] [SOMIAR-DIA] === Starting ===
[2026-04-01 13:20:37] [SOMIAR-DIA] Report: /home/user/.openclaw/workspace/.somiar-cycles/somiar-de-dia-SD-20260401-1320.md
[2026-04-01 13:20:37] [SOMIAR-DIA] === Done ===
[2026-04-01 13:50:31] [SOMIAR-DIA] === Starting ===
[2026-04-01 13:50:32] [SOMIAR-DIA] Report: /home/user/.openclaw/workspace/.somiar-cycles/somiar-de-dia-SD-20260401-1350.md
[2026-04-01 13:50:32] [SOMIAR-DIA] === Done ===
[2026-04-01 14:20:39] [SOMIAR-DIA] === Starting ===
[2026-04-01 14:20:39] [SOMIAR-DIA] Report: /home/user/.openclaw/workspace/.somiar-cycles/somiar-de-dia-SD-20260401-1420.md
[2026-04-01 14:20:40] [SOMIAR-DIA] === Done ===
[2026-04-01 14:50:33] [SOMIAR-DIA] === Starting ===
[2026-04-01 14:50:34] [SOMIAR-DIA][AUTO] AI status DOWN. Restarting navi-os-api...
[2026-04-01 14:50:43] [SOMIAR-DIA] === Starting ===
[2026-04-01 14:50:44] [SOMIAR-DIA][AUTO] AI status DOWN. Restarting navi-os-api...
[2026-04-01 14:51:11] [SOMIAR-DIA] === Starting ===
[2026-04-01 14:51:12] [SOMIAR-DIA] Report: /home/user/.openclaw/workspace/.somiar-cycles/somiar-de-dia-SD-20260401-1451.md
[2026-04-01 14:51:12] [SOMIAR-DIA] === Done ===
[2026-04-01 15:20:31] [SOMIAR-DIA] === Starting ===
[2026-04-01 15:20:32] [SOMIAR-DIA] Report: /home/user/.openclaw/workspace/.somiar-cycles/somiar-de-dia-SD-20260401-1520.md
[2026-04-01 15:20:32] [SOMIAR-DIA] === Done ===
[2026-04-01 15:50:32] [SOMIAR-DIA] === Starting ===
[2026-04-01 15:50:33] [SOMIAR-DIA] Report: /home/user/.openclaw/workspace/.somiar-cycles/somiar-de-dia-SD-20260401-1550.md
[2026-04-01 15:50:33] [SOMIAR-DIA] === Done ===
[2026-04-01 16:20:32] [SOMIAR-DIA] === Starting ===
[2026-04-01 16:20:33] [SOMIAR-DIA] Report: /home/user/.openclaw/workspace/.somiar-cycles/somiar-de-dia-SD-20260401-1620.md
[2026-04-01 16:20:33] [SOMIAR-DIA] === Done ===
[2026-04-01 16:50:35] [SOMIAR-DIA] === Starting ===
[2026-04-01 16:50:36] [SOMIAR-DIA] Report: /home/user/.openclaw/workspace/.somiar-cycles/somiar-de-dia-SD-20260401-1650.md
[2026-04-01 16:50:36] [SOMIAR-DIA] === Done ===
[2026-04-01 17:20:35] [SOMIAR-DIA] === Starting ===
[2026-04-01 17:20:36] [SOMIAR-DIA] Report: /home/user/.openclaw/workspace/.somiar-cycles/somiar-de-dia-SD-20260401-1720.md
[2026-04-01 17:20:36] [SOMIAR-DIA] === Done ===
[2026-04-01 17:50:35] [SOMIAR-DIA] === Starting ===
[2026-04-01 17:50:36] [SOMIAR-DIA] Report: /home/user/.openclaw/workspace/.somiar-cycles/somiar-de-dia-SD-20260401-1750.md
[2026-04-01 17:50:36] [SOMIAR-DIA] === Done ===
[2026-04-01 18:20:32] [SOMIAR-DIA] === Starting ===
[2026-04-01 18:20:33] [SOMIAR-DIA] Report: /home/user/.openclaw/workspace/.somiar-cycles/somiar-de-dia-SD-20260401-1820.md
[2026-04-01 18:20:33] [SOMIAR-DIA] === Done ===
[2026-04-01 18:50:32] [SOMIAR-DIA] === Starting ===
[2026-04-01 18:50:33] [SOMIAR-DIA] Report: /home/user/.openclaw/workspace/.somiar-cycles/somiar-de-dia-SD-20260401-1850.md
[2026-04-01 18:50:33] [SOMIAR-DIA] === Done ===
[2026-04-01 19:20:32] [SOMIAR-DIA] === Starting ===
[2026-04-01 19:20:32] [SOMIAR-DIA] Report: /home/user/.openclaw/workspace/.somiar-cycles/somiar-de-dia-SD-20260401-1920.md
[2026-04-01 19:20:33] [SOMIAR-DIA] === Done ===
[2026-04-01 19:50:30] [SOMIAR-DIA] === Starting ===
[2026-04-01 19:50:31] [SOMIAR-DIA] Report: /home/user/.openclaw/workspace/.somiar-cycles/somiar-de-dia-SD-20260401-1950.md
[2026-04-01 19:50:31] [SOMIAR-DIA] === Done ===
[2026-04-01 20:20:30] [SOMIAR-DIA] === Starting ===
[2026-04-01 20:20:30] [SOMIAR-DIA] Outside 9:00-20:00 window. Skipping.
[2026-04-01 20:50:31] [SOMIAR-DIA] === Starting ===
[2026-04-01 20:50:31] [SOMIAR-DIA] Outside 9:00-20:00 window. Skipping.
[2026-04-01 21:20:31] [SOMIAR-DIA] === Starting ===
[2026-04-01 21:20:31] [SOMIAR-DIA] Outside 9:00-20:00 window. Skipping.
[2026-04-01 21:50:32] [SOMIAR-DIA] === Starting ===
[2026-04-01 21:50:32] [SOMIAR-DIA] Outside 9:00-20:00 window. Skipping.
[2026-04-01 22:20:31] [SOMIAR-DIA] === Starting ===
[2026-04-01 22:20:31] [SOMIAR-DIA] Outside 9:00-20:00 window. Skipping.
[2026-04-01 22:50:31] [SOMIAR-DIA] === Starting ===
[2026-04-01 22:50:31] [SOMIAR-DIA] Outside 9:00-20:00 window. Skipping.
[2026-04-01 23:20:38] [SOMIAR-DIA] === Starting ===
[2026-04-01 23:20:38] [SOMIAR-DIA] Outside 9:00-20:00 window. Skipping.
[2026-04-01 23:50:31] [SOMIAR-DIA] === Starting ===
[2026-04-01 23:50:31] [SOMIAR-DIA] Outside 9:00-20:00 window. Skipping.
[2026-04-02 00:20:34] [SOMIAR-DIA] === Starting ===
[2026-04-02 00:20:34] [SOMIAR-DIA] Outside 9:00-20:00 window. Skipping.
[2026-04-02 00:50:30] [SOMIAR-DIA] === Starting ===
[2026-04-02 00:50:30] [SOMIAR-DIA] Outside 9:00-20:00 window. Skipping.
